===================================================================================
Hora: 06:58:44 | Script: /ModuloFornecedor/Modulos/cadastraprecompras.php
Query executada: insert into PreCompras (precProdId, precCestId) values (?,?): EXECUTE : SQLSTATE[23000]: Integrity constraint violation: 1048 Column 'precProdId' cannot be null

===================================================================================
Hora: 08:04:30 | Script: /ModuloFornecedor/Modulos/cadastraprecompras.php
Query executada: insert into PreCompras (precProdId, precCestId) values (?,?): EXECUTE : SQLSTATE[23000]: Integrity constraint violation: 1048 Column 'precProdId' cannot be null

===================================================================================
Hora: 08:07:43 | Script: /ModuloFornecedor/Modulos/cadastraprecompras.php
Query executada: insert into PreCompras (precProdId, precCestId) values (?,?): EXECUTE : SQLSTATE[23000]: Integrity constraint violation: 1048 Column 'precProdId' cannot be null

===================================================================================
Hora: 08:11:03 | Script: /ModuloFornecedor/Modulos/cadastraprecompras.php
Query executada: insert into PreCompras (precProdId, precCestId) values (?,?): EXECUTE : SQLSTATE[23000]: Integrity constraint violation: 1048 Column 'precProdId' cannot be null

===================================================================================
Hora: 08:12:25 | Script: /ModuloFornecedor/Modulos/cadastraprecompras.php
Query executada: insert into PreCompras (precProdId, precCestId) values (?,?): EXECUTE : SQLSTATE[23000]: Integrity constraint violation: 1048 Column 'precProdId' cannot be null

===================================================================================
Hora: 08:14:20 | Script: /ModuloFornecedor/Modulos/cadastraprecompras.php
Query executada: insert into PreCompras (precProdId, precCestId) values (?,?): EXECUTE : SQLSTATE[23000]: Integrity constraint violation: 1048 Column 'precProdId' cannot be null

===================================================================================
Hora: 09:53:10 | Script: /ModuloFornecedor/Modulos/cadastraprecompras.php
Query executada: insert into PreCompras (precProdId, precCestId) values (?,?): EXECUTE : SQLSTATE[23000]: Integrity constraint violation: 1048 Column 'precProdId' cannot be null

===================================================================================
Hora: 09:58:35 | Script: /ModuloFornecedor/Modulos/cadastraprecompras.php
Query executada: insert into PreCompras (precProdId, precCestId) values (?,?): EXECUTE : SQLSTATE[23000]: Integrity constraint violation: 1048 Column 'precProdId' cannot be null

===================================================================================
Hora: 09:59:35 | Script: /ModuloFornecedor/Modulos/cadastraprecompras.php
Query executada: insert into PreCompras (precProdId, precCestId) values (?,?): EXECUTE : SQLSTATE[23000]: Integrity constraint violation: 1048 Column 'precProdId' cannot be null

===================================================================================
Hora: 10:09:45 | Script: /ModuloFornecedor/Modulos/cadastraprecompras.php
Query executada: insert into PreCompras (precProdId, precCestId) values (?,?): EXECUTE : SQLSTATE[23000]: Integrity constraint violation: 1048 Column 'precProdId' cannot be null

===================================================================================
Hora: 10:09:56 | Script: /ModuloFornecedor/Modulos/cadastraprecompras.php
Query executada: insert into PreCompras (precProdId, precCestId) values (?,?): EXECUTE : SQLSTATE[23000]: Integrity constraint violation: 1048 Column 'precProdId' cannot be null

===================================================================================
Hora: 10:16:45 | Script: /ModuloFornecedor/Modulos/cadastraprecompras.php
Query executada: insert into PreCompras (precProdId, precCestId) values (?,?): EXECUTE : SQLSTATE[23000]: Integrity constraint violation: 1048 Column 'precProdId' cannot be null

===================================================================================
Hora: 10:37:12 | Script: /ModuloFornecedor/Modulos/cadastraprecompras.php
Query executada: insert into PreCompras (precProdId, precCestId) values (?,?): EXECUTE : SQLSTATE[23000]: Integrity constraint violation: 1048 Column 'precProdId' cannot be null

===================================================================================
Hora: 10:37:51 | Script: /ModuloFornecedor/Modulos/cadastraprecompras.php
Query executada: insert into PreCompras (precProdId, precCestId) values (?,?): EXECUTE : SQLSTATE[23000]: Integrity constraint violation: 1048 Column 'precProdId' cannot be null

===================================================================================
Hora: 10:58:49 | Script: /ModuloFornecedor/Modulos/cadastraprecompras.php
Query executada: insert into CestasDeCompras (cestId, cestClieId) values (?,?): EXECUTE : SQLSTATE[HY000]: General error: 1366 Incorrect integer value: '' for column 'cestId' at row 1

===================================================================================
Hora: 11:01:55 | Script: /ModuloFornecedor/Modulos/cadastraprecompras.php
Query executada: insert into CestasDeCompras (cestId, cestClieId) values (?,?): EXECUTE : SQLSTATE[HY000]: General error: 1366 Incorrect integer value: '' for column 'cestId' at row 1

===================================================================================
Hora: 13:28:52 | Script: /ModuloFornecedor/Modulos/cadastraprecompras.php
Query executada: insert into PreCompras (precProdId, precCestId) values (?,?): EXECUTE : SQLSTATE[23000]: Integrity constraint violation: 1048 Column 'precCestId' cannot be null

===================================================================================
Hora: 13:42:02 | Script: /ModuloFornecedor/Modulos/cadastraprecompras.php
Query executada: insert into PreCompras (precProdId, precCestId) values (?,?): EXECUTE : SQLSTATE[23000]: Integrity constraint violation: 1048 Column 'precCestId' cannot be null

===================================================================================
Hora: 14:07:19 | Script: /ModuloFornecedor/Modulos/cadastraprecompras.php
Query executada: insert into PreCompras (precProdId, precCestId) values (?,?): EXECUTE : SQLSTATE[23000]: Integrity constraint violation: 1062 Duplicate entry '1-105' for key 'PRIMARY'

===================================================================================
Hora: 14:09:39 | Script: /ModuloFornecedor/Modulos/cadastraprecompras.php
Query executada: insert into PreCompras (precProdId, precCestId) values (?,?): EXECUTE : SQLSTATE[23000]: Integrity constraint violation: 1062 Duplicate entry '1-105' for key 'PRIMARY'

===================================================================================
Hora: 14:10:49 | Script: /ModuloFornecedor/Modulos/cadastraprecompras.php
Query executada: insert into PreCompras (precProdId, precCestId) values (?,?): EXECUTE : SQLSTATE[23000]: Integrity constraint violation: 1062 Duplicate entry '1-105' for key 'PRIMARY'

===================================================================================
Hora: 14:12:21 | Script: /ModuloFornecedor/Modulos/cadastraprecompras.php
Query executada: insert into PreCompras (precProdId, precCestId) values (?,?): EXECUTE : SQLSTATE[23000]: Integrity constraint violation: 1062 Duplicate entry '3-105' for key 'PRIMARY'

===================================================================================
Hora: 14:16:52 | Script: /ModuloFornecedor/Modulos/cadastraprecompras.php
Query executada: insert into PreCompras (precProdId, precCestId) values (?,?): EXECUTE : SQLSTATE[23000]: Integrity constraint violation: 1062 Duplicate entry '3-105' for key 'PRIMARY'

===================================================================================
Hora: 14:25:38 | Script: /ModuloFornecedor/Modulos/cadastraprecompras.php
Query executada: insert into PreCompras (precProdId, precCestId) values (?,?): EXECUTE : SQLSTATE[23000]: Integrity constraint violation: 1062 Duplicate entry '3-108' for key 'PRIMARY'

===================================================================================
Hora: 14:33:56 | Script: /ModuloFornecedor/Modulos/cadastraprecompras.php
Query executada: insert into PreCompras (precProdId, precCestId) values (?,?): EXECUTE : SQLSTATE[23000]: Integrity constraint violation: 1062 Duplicate entry '2-111' for key 'PRIMARY'

===================================================================================
Hora: 14:49:20 | Script: /ModuloFornecedor/Modulos/cadastraprecompras.php
Query executada: insert into PreCompras (precProdId, precCestId) values (?,?): EXECUTE : SQLSTATE[23000]: Integrity constraint violation: 1062 Duplicate entry '3-114' for key 'PRIMARY'

===================================================================================
Hora: 14:49:44 | Script: /ModuloFornecedor/Modulos/cadastraprecompras.php
Query executada: insert into PreCompras (precProdId, precCestId) values (?,?): EXECUTE : SQLSTATE[23000]: Integrity constraint violation: 1062 Duplicate entry '3-114' for key 'PRIMARY'

===================================================================================
Hora: 14:50:12 | Script: /ModuloFornecedor/Modulos/cadastraprecompras.php
Query executada: insert into PreCompras (precProdId, precCestId) values (?,?): EXECUTE : SQLSTATE[23000]: Integrity constraint violation: 1062 Duplicate entry '2-114' for key 'PRIMARY'

===================================================================================
Hora: 14:50:38 | Script: /ModuloFornecedor/Modulos/cadastraprecompras.php
Query executada: insert into PreCompras (precProdId, precCestId) values (?,?): EXECUTE : SQLSTATE[23000]: Integrity constraint violation: 1062 Duplicate entry '3-114' for key 'PRIMARY'

===================================================================================
Hora: 14:56:45 | Script: /ModuloFornecedor/Modulos/cadastraprecompras.php
Query executada: insert into PreCompras (precProdId, precCestId) values (?,?): EXECUTE : SQLSTATE[23000]: Integrity constraint violation: 1062 Duplicate entry '2-116' for key 'PRIMARY'

===================================================================================
Hora: 15:08:00 | Script: /ModuloFornecedor/Modulos/cadastraprecompras.php
Query executada: insert into PreCompras (precProdId, precCestId) values (?,?): EXECUTE : SQLSTATE[23000]: Integrity constraint violation: 1062 Duplicate entry '1-119' for key 'PRIMARY'

===================================================================================
Hora: 15:08:08 | Script: /ModuloFornecedor/Modulos/cadastraprecompras.php
Query executada: insert into PreCompras (precProdId, precCestId) values (?,?): EXECUTE : SQLSTATE[23000]: Integrity constraint violation: 1062 Duplicate entry '3-119' for key 'PRIMARY'

===================================================================================
Hora: 15:08:22 | Script: /ModuloFornecedor/Modulos/cadastraprecompras.php
Query executada: insert into PreCompras (precProdId, precCestId) values (?,?): EXECUTE : SQLSTATE[23000]: Integrity constraint violation: 1062 Duplicate entry '3-119' for key 'PRIMARY'

===================================================================================
Hora: 15:08:37 | Script: /ModuloFornecedor/Modulos/cadastraprecompras.php
Query executada: insert into PreCompras (precProdId, precCestId) values (?,?): EXECUTE : SQLSTATE[23000]: Integrity constraint violation: 1062 Duplicate entry '1-119' for key 'PRIMARY'

===================================================================================
Hora: 15:13:09 | Script: /ModuloFornecedor/Modulos/cadastraprecompras.php
Query executada: insert into PreCompras (precProdId, precCestId) values (?,?): EXECUTE : SQLSTATE[23000]: Integrity constraint violation: 1062 Duplicate entry '1-119' for key 'PRIMARY'

===================================================================================
Hora: 15:13:16 | Script: /ModuloFornecedor/Modulos/cadastraprecompras.php
Query executada: insert into PreCompras (precProdId, precCestId) values (?,?): EXECUTE : SQLSTATE[23000]: Integrity constraint violation: 1062 Duplicate entry '3-119' for key 'PRIMARY'

===================================================================================
Hora: 15:13:32 | Script: /ModuloFornecedor/Modulos/cadastraprecompras.php
Query executada: insert into PreCompras (precProdId, precCestId) values (?,?): EXECUTE : SQLSTATE[23000]: Integrity constraint violation: 1062 Duplicate entry '3-119' for key 'PRIMARY'

===================================================================================
Hora: 15:15:51 | Script: /ModuloFornecedor/Modulos/cadastraprecompras.php
Query executada: insert into PreCompras (precProdId, precCestId) values (?,?): EXECUTE : SQLSTATE[23000]: Integrity constraint violation: 1062 Duplicate entry '1-119' for key 'PRIMARY'

===================================================================================
Hora: 15:17:52 | Script: /ModuloFornecedor/Modulos/cadastraprecompras.php
Query executada: insert into PreCompras (precProdId, precCestId) values (?,?): EXECUTE : SQLSTATE[23000]: Integrity constraint violation: 1062 Duplicate entry '3-120' for key 'PRIMARY'

===================================================================================
Hora: 15:22:13 | Script: /ModuloFornecedor/Modulos/cadastraprecompras.php
Query executada: insert into PreCompras (precProdId, precCestId) values (?,?): EXECUTE : SQLSTATE[HY000]: General error: 1366 Incorrect integer value: '' for column 'precProdId' at row 1

===================================================================================
Hora: 15:39:20 | Script: /ModuloFornecedor/Modulos/cadastraprecompras.php
Query executada: insert into PreCompras (precProdId, precCestId) values (?,?): EXECUTE : SQLSTATE[23000]: Integrity constraint violation: 1062 Duplicate entry '3-123' for key 'PRIMARY'

===================================================================================
Hora: 15:42:35 | Script: /ModuloFornecedor/Modulos/cadastraprecompras.php
Query executada: insert into PreCompras (precProdId, precCestId) values (?,?): EXECUTE : SQLSTATE[23000]: Integrity constraint violation: 1062 Duplicate entry '2-124' for key 'PRIMARY'

===================================================================================
Hora: 15:46:08 | Script: /ModuloFornecedor/Modulos/cadastraprecompras.php
Query executada: insert into PreCompras (precProdId, precCestId) values (?,?): EXECUTE : SQLSTATE[23000]: Integrity constraint violation: 1062 Duplicate entry '2-125' for key 'PRIMARY'

===================================================================================
Hora: 16:47:05 | Script: /ModuloFornecedor/Modulos/cadastraprecompras.php
Query executada: insert into PreCompras (precProdId, precCestId) values (?,?): EXECUTE : SQLSTATE[23000]: Integrity constraint violation: 1062 Duplicate entry '3-129' for key 'PRIMARY'

===================================================================================
Hora: 16:58:44 | Script: /ModuloFornecedor/Modulos/cadastraprecompras.php
Query executada: insert into PreCompras (precProdId, precCestId) values (?,?): EXECUTE : SQLSTATE[23000]: Integrity constraint violation: 1062 Duplicate entry '1-130' for key 'PRIMARY'

===================================================================================
Hora: 19:37:46 | Script: /ModuloFornecedor/Modulos/cadastraprecompras.php
Query executada: insert into PreCompras (precProdId, precCestId) values (?,?): EXECUTE : SQLSTATE[23000]: Integrity constraint violation: 1062 Duplicate entry '3-133' for key 'PRIMARY'

===================================================================================
Hora: 19:39:02 | Script: /ModuloFornecedor/Modulos/cadastraprecompras.php
Query executada: insert into PreCompras (precProdId, precCestId) values (?,?): EXECUTE : SQLSTATE[23000]: Integrity constraint violation: 1062 Duplicate entry '3-133' for key 'PRIMARY'

===================================================================================
Hora: 19:39:41 | Script: /ModuloFornecedor/Modulos/cadastraprecompras.php
Query executada: insert into PreCompras (precProdId, precCestId) values (?,?): EXECUTE : SQLSTATE[23000]: Integrity constraint violation: 1062 Duplicate entry '2-133' for key 'PRIMARY'

===================================================================================
Hora: 19:42:38 | Script: /ModuloFornecedor/Modulos/cadastraprecompras.php
Query executada: insert into PreCompras (precProdId, precCestId) values (?,?): EXECUTE : SQLSTATE[23000]: Integrity constraint violation: 1062 Duplicate entry '1-133' for key 'PRIMARY'

===================================================================================
Hora: 23:38:23 | Script: /ModuloFornecedor/Modulos/cadastraprecompras.php
Query executada: insert into PreCompras (precProdId, precCestId) values (?,?): EXECUTE : SQLSTATE[23000]: Integrity constraint violation: 1062 Duplicate entry '1-138' for key 'PRIMARY'

===================================================================================
Hora: 23:42:49 | Script: /ModuloFornecedor/Modulos/cadastraprecompras.php
Query executada: insert into PreCompras (precProdId, precCestId) values (?,?): EXECUTE : SQLSTATE[23000]: Integrity constraint violation: 1062 Duplicate entry '2-138' for key 'PRIMARY'

===================================================================================
Hora: 23:48:55 | Script: /ModuloFornecedor/Modulos/cadastraprecompras.php
Query executada: insert into PreCompras (precProdId, precCestId) values (?,?): EXECUTE : SQLSTATE[23000]: Integrity constraint violation: 1062 Duplicate entry '1-138' for key 'PRIMARY'

===================================================================================
Hora: 23:50:34 | Script: /ModuloFornecedor/Modulos/cadastraprecompras.php
Query executada: insert into PreCompras (precProdId, precCestId) values (?,?): EXECUTE : SQLSTATE[23000]: Integrity constraint violation: 1062 Duplicate entry '1-138' for key 'PRIMARY'

===================================================================================
Hora: 23:51:20 | Script: /ModuloFornecedor/Modulos/cadastraprecompras.php
Query executada: insert into PreCompras (precProdId, precCestId) values (?,?): EXECUTE : SQLSTATE[23000]: Integrity constraint violation: 1062 Duplicate entry '3-138' for key 'PRIMARY'

===================================================================================
Hora: 23:51:57 | Script: /ModuloFornecedor/Modulos/cadastraprecompras.php
Query executada: insert into PreCompras (precProdId, precCestId) values (?,?): EXECUTE : SQLSTATE[23000]: Integrity constraint violation: 1062 Duplicate entry '1-138' for key 'PRIMARY'

