===================================================================================
Hora: 08:51:58 | Script: /ModuloFornecedor/Modulos/cadastraprecompras.php
Query executada: insert into CestasDeCompras (cestId, cestClieId) values (?,?) | Método: executaPs

===================================================================================
Hora: 08:51:58 | Script: /ModuloFornecedor/Modulos/cadastraprecompras.php
Query executada: insert into PreCompras (precProdId, precCestId) values (?,?) | Método: executaPs

===================================================================================
Hora: 08:52:08 | Script: /ModuloFornecedor/Modulos/cadastraprecompras.php
Query executada: insert into PreCompras (precProdId, precCestId) values (?,?) | Método: executaPs

===================================================================================
Hora: 08:52:16 | Script: /ModuloFornecedor/Modulos/cadastraprecompras.php
Query executada: insert into PreCompras (precProdId, precCestId) values (?,?) | Método: executaPs

===================================================================================
Hora: 09:11:50 | Script: /ModuloFornecedor/Modulos/cadastraprecompras.php
Query executada: insert into CestasDeCompras (cestId, cestClieId) values (?,?) | Método: executaPs

===================================================================================
Hora: 09:11:50 | Script: /ModuloFornecedor/Modulos/cadastraprecompras.php
Query executada: insert into PreCompras (precProdId, precCestId) values (?,?) | Método: executaPs

===================================================================================
Hora: 09:14:22 | Script: /ModuloFornecedor/Modulos/cadastraprecompras.php
Query executada: insert into PreCompras (precProdId, precCestId) values (?,?) | Método: executaPs

===================================================================================
Hora: 09:15:11 | Script: /ModuloFornecedor/Modulos/cadastraprecompras.php
Query executada: insert into PreCompras (precProdId, precCestId) values (?,?) | Método: executaPs

===================================================================================
Hora: 09:17:16 | Script: /ModuloFornecedor/Modulos/cadastraprecompras.php
Query executada: insert into PreCompras (precProdId, precCestId) values (?,?) | Método: executaPs

===================================================================================
Hora: 09:17:30 | Script: /ModuloFornecedor/Modulos/cadastraprecompras.php
Query executada: DELETE FROM PreCompras WHERE PreCompras.precProdId = ? and PreCompras.precCestId = ? | Método: executaPs

===================================================================================
Hora: 09:18:23 | Script: /ModuloFornecedor/Modulos/cadastraprecompras.php
Query executada: insert into PreCompras (precProdId, precCestId) values (?,?) | Método: executaPs

===================================================================================
Hora: 09:19:38 | Script: /ModuloFornecedor/Modulos/cadastraprecompras.php
Query executada: insert into PreCompras (precProdId, precCestId) values (?,?) | Método: executaPs

===================================================================================
Hora: 09:30:40 | Script: /ModuloFornecedor/Modulos/realizacompras.php
Query executada: insert into Compras (compId, compClieId) values (?,?) | Método: executaPs

===================================================================================
Hora: 09:30:40 | Script: /ModuloFornecedor/Modulos/realizacompras.php
Query executada: insert into ItensDaCompra (itenCompId, itenProdId) values (?,?) | Método: executaPs

===================================================================================
Hora: 09:30:40 | Script: /ModuloFornecedor/Modulos/realizacompras.php
Query executada: insert into ItensDaCompra (itenCompId, itenProdId) values (?,?) | Método: executaPs

===================================================================================
Hora: 09:30:40 | Script: /ModuloFornecedor/Modulos/realizacompras.php
Query executada: insert into ItensDaCompra (itenCompId, itenProdId) values (?,?) | Método: executaPs

===================================================================================
Hora: 09:30:40 | Script: /ModuloFornecedor/Modulos/realizacompras.php
Query executada: insert into ItensDaCompra (itenCompId, itenProdId) values (?,?) | Método: executaPs

===================================================================================
Hora: 09:30:40 | Script: /ModuloFornecedor/Modulos/realizacompras.php
Query executada: insert into ItensDaCompra (itenCompId, itenProdId) values (?,?) | Método: executaPs

===================================================================================
Hora: 09:32:45 | Script: /ModuloFornecedor/Modulos/cadastraprecompras.php
Query executada: insert into CestasDeCompras (cestId, cestClieId) values (?,?) | Método: executaPs

===================================================================================
Hora: 09:32:45 | Script: /ModuloFornecedor/Modulos/cadastraprecompras.php
Query executada: insert into PreCompras (precProdId, precCestId) values (?,?) | Método: executaPs

===================================================================================
Hora: 09:32:52 | Script: /ModuloFornecedor/Modulos/cadastraprecompras.php
Query executada: insert into PreCompras (precProdId, precCestId) values (?,?) | Método: executaPs

===================================================================================
Hora: 09:34:21 | Script: /ModuloFornecedor/Modulos/cadastraprecompras.php
Query executada: insert into PreCompras (precProdId, precCestId) values (?,?) | Método: executaPs

===================================================================================
Hora: 09:36:26 | Script: /ModuloFornecedor/Modulos/cadastraprecompras.php
Query executada: insert into PreCompras (precProdId, precCestId) values (?,?) | Método: executaPs

===================================================================================
Hora: 09:36:30 | Script: /ModuloFornecedor/Modulos/cadastraprecompras.php
Query executada: DELETE FROM PreCompras WHERE PreCompras.precProdId = ? and PreCompras.precCestId = ? | Método: executaPs

===================================================================================
Hora: 09:37:14 | Script: /ModuloFornecedor/Modulos/cadastraprecompras.php
Query executada: DELETE FROM PreCompras WHERE PreCompras.precProdId = ? and PreCompras.precCestId = ? | Método: executaPs

===================================================================================
Hora: 09:37:23 | Script: /ModuloFornecedor/Modulos/cadastraprecompras.php
Query executada: insert into PreCompras (precProdId, precCestId) values (?,?) | Método: executaPs

===================================================================================
Hora: 09:43:39 | Script: /ModuloFornecedor/Modulos/cadastraprecompras.php
Query executada: insert into PreCompras (precProdId, precCestId) values (?,?) | Método: executaPs

===================================================================================
Hora: 09:44:30 | Script: /ModuloFornecedor/Modulos/cadastraprecompras.php
Query executada: insert into PreCompras (precProdId, precCestId) values (?,?) | Método: executaPs

===================================================================================
Hora: 09:46:08 | Script: /ModuloFornecedor/Modulos/cadastraprecompras.php
Query executada: DELETE FROM PreCompras WHERE PreCompras.precProdId = ? and PreCompras.precCestId = ? | Método: executaPs

===================================================================================
Hora: 09:46:17 | Script: /ModuloFornecedor/Modulos/cadastraprecompras.php
Query executada: DELETE FROM PreCompras WHERE PreCompras.precProdId = ? and PreCompras.precCestId = ? | Método: executaPs

===================================================================================
Hora: 09:47:41 | Script: /ModuloFornecedor/Modulos/cadastraprecompras.php
Query executada: insert into PreCompras (precProdId, precCestId) values (?,?) | Método: executaPs

===================================================================================
Hora: 09:52:15 | Script: /ModuloFornecedor/Modulos/cadastraprecompras.php
Query executada: insert into PreCompras (precProdId, precCestId) values (?,?) | Método: executaPs

===================================================================================
Hora: 09:58:00 | Script: /ModuloFornecedor/Modulos/cadastraprecompras.php
Query executada: DELETE FROM PreCompras WHERE PreCompras.precProdId = ? and PreCompras.precCestId = ? | Método: executaPs

===================================================================================
Hora: 09:58:09 | Script: /ModuloFornecedor/Modulos/cadastraprecompras.php
Query executada: insert into PreCompras (precProdId, precCestId) values (?,?) | Método: executaPs

===================================================================================
Hora: 10:04:26 | Script: /ModuloFornecedor/Modulos/cadastraprecompras.php
Query executada: DELETE FROM PreCompras WHERE PreCompras.precProdId = ? and PreCompras.precCestId = ? | Método: executaPs

===================================================================================
Hora: 10:04:38 | Script: /ModuloFornecedor/Modulos/cadastraprecompras.php
Query executada: insert into PreCompras (precProdId, precCestId) values (?,?) | Método: executaPs

===================================================================================
Hora: 10:05:38 | Script: /ModuloFornecedor/Modulos/cadastraprecompras.php
Query executada: DELETE FROM PreCompras WHERE PreCompras.precProdId = ? and PreCompras.precCestId = ? | Método: executaPs

===================================================================================
Hora: 10:05:53 | Script: /ModuloFornecedor/Modulos/cadastraprecompras.php
Query executada: insert into PreCompras (precProdId, precCestId) values (?,?) | Método: executaPs

===================================================================================
Hora: 10:06:33 | Script: /ModuloFornecedor/Modulos/cadastraprecompras.php
Query executada: DELETE FROM PreCompras WHERE PreCompras.precProdId = ? and PreCompras.precCestId = ? | Método: executaPs

===================================================================================
Hora: 10:07:40 | Script: /ModuloFornecedor/Modulos/cadastraprecompras.php
Query executada: DELETE FROM PreCompras WHERE PreCompras.precProdId = ? and PreCompras.precCestId = ? | Método: executaPs

===================================================================================
Hora: 10:08:54 | Script: /ModuloFornecedor/Modulos/cadastraprecompras.php
Query executada: DELETE FROM PreCompras WHERE PreCompras.precProdId = ? and PreCompras.precCestId = ? | Método: executaPs

===================================================================================
Hora: 10:08:56 | Script: /ModuloFornecedor/Modulos/cadastraprecompras.php
Query executada: DELETE FROM PreCompras WHERE PreCompras.precProdId = ? and PreCompras.precCestId = ? | Método: executaPs

===================================================================================
Hora: 10:09:04 | Script: /ModuloFornecedor/Modulos/cadastraprecompras.php
Query executada: insert into PreCompras (precProdId, precCestId) values (?,?) | Método: executaPs

===================================================================================
Hora: 10:09:08 | Script: /ModuloFornecedor/Modulos/realizacompras.php
Query executada: insert into Compras (compId, compClieId) values (?,?) | Método: executaPs

===================================================================================
Hora: 10:09:08 | Script: /ModuloFornecedor/Modulos/realizacompras.php
Query executada: insert into ItensDaCompra (itenCompId, itenProdId) values (?,?) | Método: executaPs

===================================================================================
Hora: 10:09:08 | Script: /ModuloFornecedor/Modulos/realizacompras.php
Query executada: insert into ItensDaCompra (itenCompId, itenProdId) values (?,?) | Método: executaPs

===================================================================================
Hora: 10:09:27 | Script: /ModuloFornecedor/Modulos/cadastraprecompras.php
Query executada: insert into CestasDeCompras (cestId, cestClieId) values (?,?) | Método: executaPs

===================================================================================
Hora: 10:09:27 | Script: /ModuloFornecedor/Modulos/cadastraprecompras.php
Query executada: insert into PreCompras (precProdId, precCestId) values (?,?) | Método: executaPs

===================================================================================
Hora: 10:14:13 | Script: /ModuloFornecedor/Modulos/cadastraproduto.php
Query executada: insert into Produtos (prodId, prodNome,prodValor, prodQtde) values (?,?,?,?) | Método: executaPs

===================================================================================
Hora: 10:14:13 | Script: /ModuloFornecedor/Modulos/cadastraproduto.php
Query executada: insert into FornecedoresDeProdutos (fproFornCnpj, fproProdId) values (?,?) | Método: executaPs

===================================================================================
Hora: 10:18:53 | Script: /ModuloFornecedor/Modulos/cadastraprecompras.php
Query executada: insert into CestasDeCompras (cestId, cestClieId) values (?,?) | Método: executaPs

===================================================================================
Hora: 10:18:53 | Script: /ModuloFornecedor/Modulos/cadastraprecompras.php
Query executada: insert into PreCompras (precProdId, precCestId) values (?,?) | Método: executaPs

===================================================================================
Hora: 10:22:56 | Script: /ModuloFornecedor/Modulos/realizacompras.php
Query executada: insert into Compras (compId, compClieId) values (?,?) | Método: executaPs

===================================================================================
Hora: 10:22:56 | Script: /ModuloFornecedor/Modulos/realizacompras.php
Query executada: insert into ItensDaCompra (itenCompId, itenProdId) values (?,?) | Método: executaPs

===================================================================================
Hora: 10:23:11 | Script: /ModuloFornecedor/Modulos/cadastraprecompras.php
Query executada: insert into CestasDeCompras (cestId, cestClieId) values (?,?) | Método: executaPs

===================================================================================
Hora: 10:23:11 | Script: /ModuloFornecedor/Modulos/cadastraprecompras.php
Query executada: insert into PreCompras (precProdId, precCestId) values (?,?) | Método: executaPs

===================================================================================
Hora: 10:23:42 | Script: /ModuloFornecedor/Modulos/cadastraprecompras.php
Query executada: insert into PreCompras (precProdId, precCestId) values (?,?) | Método: executaPs

===================================================================================
Hora: 10:27:19 | Script: /ModuloFornecedor/Modulos/cadastraprecompras.php
Query executada: insert into PreCompras (precProdId, precCestId) values (?,?) | Método: executaPs

===================================================================================
Hora: 10:27:33 | Script: /ModuloFornecedor/Modulos/cadastraprecompras.php
Query executada: DELETE FROM PreCompras WHERE PreCompras.precProdId = ? and PreCompras.precCestId = ? | Método: executaPs

===================================================================================
Hora: 10:29:02 | Script: /ModuloFornecedor/Modulos/cadastraprecompras.php
Query executada: DELETE FROM PreCompras WHERE PreCompras.precProdId = ? and PreCompras.precCestId = ? | Método: executaPs

===================================================================================
Hora: 10:29:10 | Script: /ModuloFornecedor/Modulos/cadastraprecompras.php
Query executada: insert into PreCompras (precProdId, precCestId) values (?,?) | Método: executaPs

===================================================================================
Hora: 10:31:05 | Script: /ModuloFornecedor/Modulos/cadastraprecompras.php
Query executada: insert into CestasDeCompras (cestId, cestClieId) values (?,?) | Método: executaPs

===================================================================================
Hora: 10:31:05 | Script: /ModuloFornecedor/Modulos/cadastraprecompras.php
Query executada: insert into PreCompras (precProdId, precCestId) values (?,?) | Método: executaPs

===================================================================================
Hora: 10:31:12 | Script: /ModuloFornecedor/Modulos/cadastraprecompras.php
Query executada: insert into PreCompras (precProdId, precCestId) values (?,?) | Método: executaPs

===================================================================================
Hora: 10:31:17 | Script: /ModuloFornecedor/Modulos/cadastraprecompras.php
Query executada: DELETE FROM PreCompras WHERE PreCompras.precProdId = ? and PreCompras.precCestId = ? | Método: executaPs

===================================================================================
Hora: 10:31:48 | Script: /ModuloFornecedor/Modulos/cadastraprecompras.php
Query executada: insert into PreCompras (precProdId, precCestId) values (?,?) | Método: executaPs

===================================================================================
Hora: 10:35:14 | Script: /ModuloFornecedor/Modulos/cadastraprecompras.php
Query executada: insert into CestasDeCompras (cestId, cestClieId) values (?,?) | Método: executaPs

===================================================================================
Hora: 10:39:34 | Script: /ModuloFornecedor/Modulos/cadastraprecompras.php
Query executada: insert into CestasDeCompras (cestId, cestClieId) values (?,?) | Método: executaPs

===================================================================================
Hora: 10:39:34 | Script: /ModuloFornecedor/Modulos/cadastraprecompras.php
Query executada: insert into PreCompras (precProdId, precCestId) values (?,?) | Método: executaPs

===================================================================================
Hora: 10:39:39 | Script: /ModuloFornecedor/Modulos/cadastraprecompras.php
Query executada: DELETE FROM PreCompras WHERE PreCompras.precProdId = ? and PreCompras.precCestId = ? | Método: executaPs

===================================================================================
Hora: 10:39:49 | Script: /ModuloFornecedor/Modulos/cadastraprecompras.php
Query executada: insert into PreCompras (precProdId, precCestId) values (?,?) | Método: executaPs

===================================================================================
Hora: 10:40:50 | Script: /ModuloFornecedor/Modulos/realizacompras.php
Query executada: insert into Compras (compId, compClieId) values (?,?) | Método: executaPs

===================================================================================
Hora: 10:40:50 | Script: /ModuloFornecedor/Modulos/realizacompras.php
Query executada: insert into ItensDaCompra (itenCompId, itenProdId) values (?,?) | Método: executaPs

===================================================================================
Hora: 10:47:19 | Script: /ModuloFornecedor/Modulos/cadastraprecompras.php
Query executada: insert into PreCompras (precProdId, precCestId) values (?,?) | Método: executaPs

===================================================================================
Hora: 10:47:44 | Script: /ModuloFornecedor/Modulos/cadastraprecompras.php
Query executada: DELETE FROM PreCompras WHERE PreCompras.precProdId = ? and PreCompras.precCestId = ? | Método: executaPs

===================================================================================
Hora: 10:47:50 | Script: /ModuloFornecedor/Modulos/cadastraprecompras.php
Query executada: insert into PreCompras (precProdId, precCestId) values (?,?) | Método: executaPs

===================================================================================
Hora: 10:47:55 | Script: /ModuloFornecedor/Modulos/realizacompras.php
Query executada: insert into Compras (compId, compClieId) values (?,?) | Método: executaPs

===================================================================================
Hora: 10:47:55 | Script: /ModuloFornecedor/Modulos/realizacompras.php
Query executada: insert into ItensDaCompra (itenCompId, itenProdId) values (?,?) | Método: executaPs

===================================================================================
Hora: 10:47:55 | Script: /ModuloFornecedor/Modulos/realizacompras.php
Query executada: insert into ItensDaCompra (itenCompId, itenProdId) values (?,?) | Método: executaPs

===================================================================================
Hora: 10:48:09 | Script: /ModuloFornecedor/Modulos/cadastraprecompras.php
Query executada: insert into CestasDeCompras (cestId, cestClieId) values (?,?) | Método: executaPs

===================================================================================
Hora: 10:48:09 | Script: /ModuloFornecedor/Modulos/cadastraprecompras.php
Query executada: insert into PreCompras (precProdId, precCestId) values (?,?) | Método: executaPs

