===================================================================================
Hora: 07:16:30 | Script: /ModuloFornecedor/Modulos/cadastraproduto.php
Query executada: insert into Produtos (prodId, prodNome,prodValor, prodQtde) values (?,?,?,?) | Método: executaPs

===================================================================================
Hora: 07:16:30 | Script: /ModuloFornecedor/Modulos/cadastraproduto.php
Query executada: insert into FornecedoresDeProdutos (fproFornCnpj, fproProdId) values (?,?) | Método: executaPs

===================================================================================
Hora: 12:27:28 | Script: /ModuloFornecedor/Modulos/cadastraprecompras.php
Query executada: insert into CestasDeCompras (cestId, cestClieId) values (?,?) | Método: executaPs

===================================================================================
Hora: 12:29:40 | Script: /ModuloFornecedor/Modulos/cadastraprecompras.php
Query executada: insert into CestasDeCompras (cestId, cestClieId) values (?,?) | Método: executaPs

===================================================================================
Hora: 12:30:01 | Script: /ModuloFornecedor/Modulos/cadastraprecompras.php
Query executada: insert into CestasDeCompras (cestId, cestClieId) values (?,?) | Método: executaPs

===================================================================================
Hora: 12:35:31 | Script: /ModuloFornecedor/Modulos/cadastraprecompras.php
Query executada: insert into CestasDeCompras (cestId, cestClieId) values (?,?) | Método: executaPs

===================================================================================
Hora: 12:39:01 | Script: /ModuloFornecedor/Modulos/cadastraprecompras.php
Query executada: insert into CestasDeCompras (cestId, cestClieId) values (?,?) | Método: executaPs

===================================================================================
Hora: 12:45:08 | Script: /ModuloFornecedor/Modulos/cadastraprecompras.php
Query executada: insert into CestasDeCompras (cestId, cestClieId) values (?,?) | Método: executaPs

===================================================================================
Hora: 12:46:08 | Script: /ModuloFornecedor/Modulos/cadastraprecompras.php
Query executada: insert into CestasDeCompras (cestId, cestClieId) values (?,?) | Método: executaPs

===================================================================================
Hora: 12:47:01 | Script: /ModuloFornecedor/Modulos/cadastraprecompras.php
Query executada: insert into CestasDeCompras (cestId, cestClieId) values (?,?) | Método: executaPs

===================================================================================
Hora: 12:47:08 | Script: /ModuloFornecedor/Modulos/cadastraprecompras.php
Query executada: insert into CestasDeCompras (cestId, cestClieId) values (?,?) | Método: executaPs

===================================================================================
Hora: 12:49:21 | Script: /ModuloFornecedor/Modulos/cadastraprecompras.php
Query executada: insert into CestasDeCompras (cestId, cestClieId) values (?,?) | Método: executaPs

===================================================================================
Hora: 12:50:46 | Script: /ModuloFornecedor/Modulos/cadastraprecompras.php
Query executada: insert into CestasDeCompras (cestId, cestClieId) values (?,?) | Método: executaPs

===================================================================================
Hora: 12:50:58 | Script: /ModuloFornecedor/Modulos/cadastraprecompras.php
Query executada: insert into CestasDeCompras (cestId, cestClieId) values (?,?) | Método: executaPs

===================================================================================
Hora: 17:06:39 | Script: /ModuloFornecedor/Modulos/cadastraprecompras.php
Query executada: insert into CestasDeCompras (cestId, cestClieId) values (?,?) | Método: executaPs

===================================================================================
Hora: 17:08:44 | Script: /ModuloFornecedor/Modulos/cadastraprecompras.php
Query executada: insert into CestasDeCompras (cestId, cestClieId) values (?,?) | Método: executaPs

===================================================================================
Hora: 17:08:55 | Script: /ModuloFornecedor/Modulos/cadastraprecompras.php
Query executada: insert into CestasDeCompras (cestId, cestClieId) values (?,?) | Método: executaPs

===================================================================================
Hora: 17:10:30 | Script: /ModuloFornecedor/Modulos/cadastraprecompras.php
Query executada: insert into CestasDeCompras (cestId, cestClieId) values (?,?) | Método: executaPs

===================================================================================
Hora: 17:10:43 | Script: /ModuloFornecedor/Modulos/cadastraprecompras.php
Query executada: insert into CestasDeCompras (cestId, cestClieId) values (?,?) | Método: executaPs

===================================================================================
Hora: 17:19:41 | Script: /ModuloFornecedor/Modulos/cadastraprecompras.php
Query executada: insert into CestasDeCompras (cestId, cestClieId) values (?,?) | Método: executaPs

===================================================================================
Hora: 17:28:36 | Script: /ModuloFornecedor/Modulos/cadastraprecompras.php
Query executada: insert into CestasDeCompras (cestId, cestClieId) values (?,?) | Método: executaPs

===================================================================================
Hora: 17:28:36 | Script: /ModuloFornecedor/Modulos/cadastraprecompras.php
Query executada: insert into PreCompras (precProdId, precCestId) values (?,?) | Método: executaPs

===================================================================================
Hora: 17:41:05 | Script: /ModuloFornecedor/Modulos/cadastraprecompras.php
Query executada: insert into CestasDeCompras (cestId, cestClieId) values (?,?) | Método: executaPs

===================================================================================
Hora: 18:03:12 | Script: /ModuloFornecedor/Modulos/cadastraprecompras.php
Query executada: insert into CestasDeCompras (cestId, cestClieId) values (?,?) | Método: executaPs

===================================================================================
Hora: 18:03:33 | Script: /ModuloFornecedor/Modulos/cadastraprecompras.php
Query executada: insert into CestasDeCompras (cestId, cestClieId) values (?,?) | Método: executaPs

===================================================================================
Hora: 18:04:58 | Script: /ModuloFornecedor/Modulos/cadastraprecompras.php
Query executada: insert into CestasDeCompras (cestId, cestClieId) values (?,?) | Método: executaPs

===================================================================================
Hora: 18:06:53 | Script: /ModuloFornecedor/Modulos/cadastraprecompras.php
Query executada: insert into CestasDeCompras (cestId, cestClieId) values (?,?) | Método: executaPs

===================================================================================
Hora: 18:11:24 | Script: /ModuloFornecedor/Modulos/cadastraprecompras.php
Query executada: insert into CestasDeCompras (cestId, cestClieId) values (?,?) | Método: executaPs

===================================================================================
Hora: 18:19:10 | Script: /ModuloFornecedor/Modulos/cadastraprecompras.php
Query executada: insert into CestasDeCompras (cestId, cestClieId) values (?,?) | Método: executaPs

===================================================================================
Hora: 18:22:58 | Script: /ModuloFornecedor/Modulos/cadastraprecompras.php
Query executada: insert into CestasDeCompras (cestId, cestClieId) values (?,?) | Método: executaPs

===================================================================================
Hora: 18:25:21 | Script: /ModuloFornecedor/Modulos/cadastraprecompras.php
Query executada: insert into CestasDeCompras (cestId, cestClieId) values (?,?) | Método: executaPs

===================================================================================
Hora: 18:26:24 | Script: /ModuloFornecedor/Modulos/cadastraprecompras.php
Query executada: insert into CestasDeCompras (cestId, cestClieId) values (?,?) | Método: executaPs

===================================================================================
Hora: 18:35:16 | Script: /ModuloFornecedor/Modulos/cadastraprecompras.php
Query executada: insert into CestasDeCompras (cestId, cestClieId) values (?,?) | Método: executaPs

===================================================================================
Hora: 18:36:03 | Script: /ModuloFornecedor/Modulos/cadastraprecompras.php
Query executada: insert into CestasDeCompras (cestId, cestClieId) values (?,?) | Método: executaPs

===================================================================================
Hora: 18:36:44 | Script: /ModuloFornecedor/Modulos/cadastraprecompras.php
Query executada: insert into CestasDeCompras (cestId, cestClieId) values (?,?) | Método: executaPs

===================================================================================
Hora: 18:42:04 | Script: /ModuloFornecedor/Modulos/cadastraprecompras.php
Query executada: insert into CestasDeCompras (cestId, cestClieId) values (?,?) | Método: executaPs

===================================================================================
Hora: 18:42:47 | Script: /ModuloFornecedor/Modulos/cadastraprecompras.php
Query executada: insert into CestasDeCompras (cestId, cestClieId) values (?,?) | Método: executaPs

===================================================================================
Hora: 19:09:25 | Script: /ModuloFornecedor/Modulos/cadastraprecompras.php
Query executada: DELETE FROM PreCompras WHERE PreCompras.precProdId = ?  | Método: executaPs

===================================================================================
Hora: 19:13:52 | Script: /ModuloFornecedor/Modulos/cadastraprecompras.php
Query executada: insert into CestasDeCompras (cestId, cestClieId) values (?,?) | Método: executaPs

===================================================================================
Hora: 19:13:52 | Script: /ModuloFornecedor/Modulos/cadastraprecompras.php
Query executada: insert into PreCompras (precProdId, precCestId) values (?,?) | Método: executaPs

===================================================================================
Hora: 19:14:36 | Script: /ModuloFornecedor/Modulos/cadastraprecompras.php
Query executada: DELETE FROM PreCompras WHERE PreCompras.precProdId = ?  | Método: executaPs

===================================================================================
Hora: 19:16:27 | Script: /ModuloFornecedor/Modulos/cadastraprecompras.php
Query executada: DELETE FROM PreCompras WHERE PreCompras.precProdId = ?  | Método: executaPs

===================================================================================
Hora: 19:17:20 | Script: /ModuloFornecedor/Modulos/cadastraprecompras.php
Query executada: DELETE FROM PreCompras WHERE PreCompras.precProdId = ?  | Método: executaPs

===================================================================================
Hora: 19:20:49 | Script: /ModuloFornecedor/Modulos/cadastraprecompras.php
Query executada: DELETE FROM PreCompras WHERE PreCompras.precProdId = ? and PreCompras.precCestId = ? | Método: executaPs

===================================================================================
Hora: 19:22:25 | Script: /ModuloFornecedor/Modulos/cadastraprecompras.php
Query executada: insert into CestasDeCompras (cestId, cestClieId) values (?,?) | Método: executaPs

