===================================================================================
Hora: 09:01:48 | Script: /ModuloFornecedor/Modulos/cadastrafornecedor.php
Query executada: UPDATE Fornecedores SET fornNome = ?, fornFone1 = ?, fornFone2 = ?, fornEnd = ?, fornCep=?, fornCidade = ?, fornUf = ? WHERE Fornecedores.fornCnpj = ?  | Método: executaPs

===================================================================================
Hora: 09:21:50 | Script: /ModuloFornecedor/Modulos/cadastrafornecedor.php
Query executada: UPDATE Fornecedores SET fornNome = ?, fornFone1 = ?, fornFone2 = ?, fornEnd = ?, fornCep=?, fornCidade = ?, fornUf = ? WHERE Fornecedores.fornCnpj = ?  | Método: executaPs

===================================================================================
Hora: 09:48:13 | Script: /ModuloFornecedor/Modulos/cadastrafornecedor.php
Query executada: UPDATE Fornecedores SET fornNome = ?, fornFone1 = ?, fornFone2 = ?, fornEnd = ?, fornCep=?, fornCidade = ?, fornUf = ? WHERE Fornecedores.fornCnpj = ?  | Método: executaPs

===================================================================================
Hora: 09:50:03 | Script: /ModuloFornecedor/Modulos/cadastrafornecedor.php
Query executada: insert into Fornecedores (fornCnpj, fornNome, fornFone1, fornFone2, fornEnd, fornCep, fornCidade, fornUf) values (?,?,?,?,?,?,?,?) | Método: executaPs

===================================================================================
Hora: 09:53:47 | Script: /ModuloFornecedor/Modulos/cadastrafornecedor.php
Query executada: DELETE FROM Fornecedores WHERE Fornecedores.fornCnpj = ?  | Método: executaPs

===================================================================================
Hora: 09:54:17 | Script: /ModuloFornecedor/Modulos/cadastrafornecedor.php
Query executada: UPDATE Fornecedores SET fornNome = ?, fornFone1 = ?, fornFone2 = ?, fornEnd = ?, fornCep=?, fornCidade = ?, fornUf = ? WHERE Fornecedores.fornCnpj = ?  | Método: executaPs

===================================================================================
Hora: 10:00:00 | Script: /ModuloFornecedor/Modulos/cadastrafornecedor.php
Query executada: UPDATE Fornecedores SET fornNome = ?, fornFone1 = ?, fornFone2 = ?, fornEnd = ?, fornCep=?, fornCidade = ?, fornUf = ? WHERE Fornecedores.fornCnpj = ?  | Método: executaPs

===================================================================================
Hora: 10:01:50 | Script: /ModuloFornecedor/Modulos/cadastrafornecedor.php
Query executada: insert into Fornecedores (fornCnpj, fornNome, fornFone1, fornFone2, fornEnd, fornCep, fornCidade, fornUf) values (?,?,?,?,?,?,?,?) | Método: executaPs

===================================================================================
Hora: 10:07:48 | Script: /ModuloFornecedor/Modulos/cadastraproduto.php
Query executada: UPDATE Produtos SET prodNome = ?, prodValor = ?, prodQtde = ? WHERE Produtos.prodId = ?  | Método: executaPs

===================================================================================
Hora: 10:11:15 | Script: /ModuloFornecedor/Modulos/cadastraproduto.php
Query executada: UPDATE Produtos SET prodNome = ?, prodValor = ?, prodQtde = ? WHERE Produtos.prodId = ?  | Método: executaPs

===================================================================================
Hora: 10:15:46 | Script: /ModuloFornecedor/Modulos/cadastraproduto.php
Query executada: UPDATE Produtos SET prodNome = ?, prodValor = ?, prodQtde = ? WHERE Produtos.prodId = ?  | Método: executaPs

===================================================================================
Hora: 10:17:49 | Script: /ModuloFornecedor/Modulos/cadastraproduto.php
Query executada: insert into Produtos (prodId, prodNome,prodValor, prodQtde) values (?,?,?,?) | Método: executaPs

===================================================================================
Hora: 10:17:50 | Script: /ModuloFornecedor/Modulos/cadastraproduto.php
Query executada: insert into Produtos (prodId, prodNome,prodValor, prodQtde) values (?,?,?,?) | Método: executaPs

===================================================================================
Hora: 10:18:13 | Script: /ModuloFornecedor/Modulos/cadastraproduto.php
Query executada: DELETE FROM Produtos WHERE Produtos.prodId = ?  | Método: executaPs

===================================================================================
Hora: 10:18:26 | Script: /ModuloFornecedor/Modulos/cadastraproduto.php
Query executada: insert into Produtos (prodId, prodNome,prodValor, prodQtde) values (?,?,?,?) | Método: executaPs

===================================================================================
Hora: 10:19:31 | Script: /ModuloFornecedor/Modulos/cadastraproduto.php
Query executada: insert into Produtos (prodId, prodNome,prodValor, prodQtde) values (?,?,?,?) | Método: executaPs

===================================================================================
Hora: 10:20:29 | Script: /ModuloFornecedor/Modulos/cadastrafornecedor.php
Query executada: insert into Fornecedores (fornCnpj, fornNome, fornFone1, fornFone2, fornEnd, fornCep, fornCidade, fornUf) values (?,?,?,?,?,?,?,?) | Método: executaPs

===================================================================================
Hora: 10:21:21 | Script: /ModuloFornecedor/Modulos/cadastraproduto.php
Query executada: UPDATE Produtos SET prodNome = ?, prodValor = ?, prodQtde = ? WHERE Produtos.prodId = ?  | Método: executaPs

===================================================================================
Hora: 10:21:30 | Script: /ModuloFornecedor/Modulos/cadastrafornecedor.php
Query executada: UPDATE Fornecedores SET fornNome = ?, fornFone1 = ?, fornFone2 = ?, fornEnd = ?, fornCep=?, fornCidade = ?, fornUf = ? WHERE Fornecedores.fornCnpj = ?  | Método: executaPs

===================================================================================
Hora: 10:21:44 | Script: /ModuloFornecedor/Modulos/cadastraproduto.php
Query executada: DELETE FROM Produtos WHERE Produtos.prodId = ?  | Método: executaPs

===================================================================================
Hora: 10:21:52 | Script: /ModuloFornecedor/Modulos/cadastrafornecedor.php
Query executada: DELETE FROM Fornecedores WHERE Fornecedores.fornCnpj = ?  | Método: executaPs

===================================================================================
Hora: 10:38:08 | Script: /ModuloFornecedor/Modulos/cadastrafornecedor.php
Query executada: UPDATE Fornecedores SET fornNome = ?, fornFone1 = ?, fornFone2 = ?, fornEnd = ?, fornCep=?, fornCidade = ?, fornUf = ? WHERE Fornecedores.fornCnpj = ?  | Método: executaPs

===================================================================================
Hora: 10:39:20 | Script: /ModuloFornecedor/Modulos/cadastrafornecedor.php
Query executada: insert into Fornecedores (fornCnpj, fornNome, fornFone1, fornFone2, fornEnd, fornCep, fornCidade, fornUf) values (?,?,?,?,?,?,?,?) | Método: executaPs

===================================================================================
Hora: 10:39:45 | Script: /ModuloFornecedor/Modulos/cadastraproduto.php
Query executada: insert into Produtos (prodId, prodNome,prodValor, prodQtde) values (?,?,?,?) | Método: executaPs

===================================================================================
Hora: 11:06:07 | Script: /ModuloFornecedor/Modulos/cadastracliente.php
Query executada: insert into Clientes (clieId, clieNome) values (?, ?)  | Método: executaPs

===================================================================================
Hora: 11:09:40 | Script: /ModuloFornecedor/Modulos/cadastracliente.php
Query executada: DELETE FROM Clientes WHERE Clientes.clieId = ?  | Método: executaPs

===================================================================================
Hora: 11:16:03 | Script: /ModuloFornecedor/Modulos/cadastracliente.php
Query executada: insert into Clientes (clieId, clieNome) values (?, ?)  | Método: executaPs

===================================================================================
Hora: 11:16:13 | Script: /ModuloFornecedor/Modulos/cadastracliente.php
Query executada: UPDATE Clientes SET clieNome = ? WHERE Clientes.clieId = ?  | Método: executaPs

===================================================================================
Hora: 11:16:21 | Script: /ModuloFornecedor/Modulos/cadastracliente.php
Query executada: insert into Clientes (clieId, clieNome) values (?, ?)  | Método: executaPs

===================================================================================
Hora: 11:16:50 | Script: /ModuloFornecedor/Modulos/cadastraproduto.php
Query executada: DELETE FROM Produtos WHERE Produtos.prodId = ?  | Método: executaPs

===================================================================================
Hora: 11:19:17 | Script: /ModuloFornecedor/Modulos/cadastracliente.php
Query executada: insert into Clientes (clieId, clieNome) values (?, ?)  | Método: executaPs

===================================================================================
Hora: 11:19:29 | Script: /ModuloFornecedor/Modulos/cadastraproduto.php
Query executada: UPDATE Produtos SET prodNome = ?, prodValor = ?, prodQtde = ? WHERE Produtos.prodId = ?  | Método: executaPs

===================================================================================
Hora: 11:19:36 | Script: /ModuloFornecedor/Modulos/cadastraproduto.php
Query executada: insert into Produtos (prodId, prodNome,prodValor, prodQtde) values (?,?,?,?) | Método: executaPs

===================================================================================
Hora: 11:19:37 | Script: /ModuloFornecedor/Modulos/cadastraproduto.php
Query executada: insert into Produtos (prodId, prodNome,prodValor, prodQtde) values (?,?,?,?) | Método: executaPs

===================================================================================
Hora: 11:19:48 | Script: /ModuloFornecedor/Modulos/cadastraproduto.php
Query executada: DELETE FROM Produtos WHERE Produtos.prodId = ?  | Método: executaPs

===================================================================================
Hora: 11:20:05 | Script: /ModuloFornecedor/Modulos/cadastraproduto.php
Query executada: UPDATE Produtos SET prodNome = ?, prodValor = ?, prodQtde = ? WHERE Produtos.prodId = ?  | Método: executaPs

===================================================================================
Hora: 11:20:14 | Script: /ModuloFornecedor/Modulos/cadastraproduto.php
Query executada: insert into Produtos (prodId, prodNome,prodValor, prodQtde) values (?,?,?,?) | Método: executaPs

===================================================================================
Hora: 11:20:26 | Script: /ModuloFornecedor/Modulos/cadastraproduto.php
Query executada: DELETE FROM Produtos WHERE Produtos.prodId = ?  | Método: executaPs

===================================================================================
Hora: 11:21:31 | Script: /ModuloFornecedor/Modulos/cadastrafornecedor.php
Query executada: insert into Fornecedores (fornCnpj, fornNome, fornFone1, fornFone2, fornEnd, fornCep, fornCidade, fornUf) values (?,?,?,?,?,?,?,?) | Método: executaPs

===================================================================================
Hora: 11:22:16 | Script: /ModuloFornecedor/Modulos/cadastrafornecedor.php
Query executada: DELETE FROM Fornecedores WHERE Fornecedores.fornCnpj = ?  | Método: executaPs

