===================================================================================
Hora: 11:10:59 | Script: /ModuloFornecedor/Modulos/cadastrafornecedor.php
Query executada: insert into Fornecedores (fornCnpj, fornNome, fornFone1, fornFone2, fornEnd, fornCep, fornCidade, fornUf) values (?,?,?,?,?,?,?,?) | Método: executaPs

===================================================================================
Hora: 11:20:25 | Script: /ModuloFornecedor/Modulos/cadastraproduto.php
Query executada: insert into Produtos (prodId, prodNome,prodValor, prodQtde) values (?,?,?,?) | Método: executaPs

===================================================================================
Hora: 11:20:25 | Script: /ModuloFornecedor/Modulos/cadastraproduto.php
Query executada: insert into FornecedoresDeProdutos values (?, ?) | Método: executaPs

===================================================================================
Hora: 12:16:42 | Script: /ModuloFornecedor/Modulos/cadastraproduto.php
Query executada: insert into Produtos (prodId, prodNome,prodValor, prodQtde) values (?,?,?,?) | Método: executaPs

===================================================================================
Hora: 12:18:45 | Script: /ModuloFornecedor/Modulos/cadastraproduto.php
Query executada: insert into Produtos (prodId, prodNome,prodValor, prodQtde) values (?,?,?,?) | Método: executaPs

===================================================================================
Hora: 12:21:45 | Script: /ModuloFornecedor/Modulos/cadastraproduto.php
Query executada: insert into Produtos (prodId, prodNome,prodValor, prodQtde) values (?,?,?,?) | Método: executaPs

===================================================================================
Hora: 12:25:23 | Script: /ModuloFornecedor/Modulos/cadastraproduto.php
Query executada: insert into Produtos (prodId, prodNome,prodValor, prodQtde) values (?,?,?,?) | Método: executaPs

===================================================================================
Hora: 12:35:50 | Script: /ModuloFornecedor/Modulos/cadastraproduto.php
Query executada: insert into Produtos (prodId, prodNome,prodValor, prodQtde) values (?,?,?,?) | Método: executaPs

===================================================================================
Hora: 12:37:12 | Script: /ModuloFornecedor/Modulos/cadastraproduto.php
Query executada: insert into Produtos (prodId, prodNome,prodValor, prodQtde) values (?,?,?,?) | Método: executaPs

===================================================================================
Hora: 12:46:27 | Script: /ModuloFornecedor/Modulos/cadastraproduto.php
Query executada: insert into Produtos (prodId, prodNome,prodValor, prodQtde) values (?,?,?,?) | Método: executaPs

===================================================================================
Hora: 12:46:27 | Script: /ModuloFornecedor/Modulos/cadastraproduto.php
Query executada: insert into FornecedoresDeProdutos values (?, ?) | Método: executaPs

===================================================================================
Hora: 12:47:19 | Script: /ModuloFornecedor/Modulos/cadastraproduto.php
Query executada: insert into Produtos (prodId, prodNome,prodValor, prodQtde) values (?,?,?,?) | Método: executaPs

===================================================================================
Hora: 12:47:19 | Script: /ModuloFornecedor/Modulos/cadastraproduto.php
Query executada: insert into FornecedoresDeProdutos values (?, ?) | Método: executaPs

===================================================================================
Hora: 12:47:35 | Script: /ModuloFornecedor/Modulos/cadastraproduto.php
Query executada: insert into Produtos (prodId, prodNome,prodValor, prodQtde) values (?,?,?,?) | Método: executaPs

===================================================================================
Hora: 12:47:42 | Script: /ModuloFornecedor/Modulos/cadastraproduto.php
Query executada: insert into Produtos (prodId, prodNome,prodValor, prodQtde) values (?,?,?,?) | Método: executaPs

===================================================================================
Hora: 12:47:42 | Script: /ModuloFornecedor/Modulos/cadastraproduto.php
Query executada: insert into FornecedoresDeProdutos values (?, ?) | Método: executaPs

===================================================================================
Hora: 13:25:26 | Script: /ModuloFornecedor/Modulos/cadastraproduto.php
Query executada: UPDATE Produtos SET prodNome = ?, prodValor = ?, prodQtde = ? WHERE Produtos.prodId = ?  | Método: executaPs

===================================================================================
Hora: 13:25:38 | Script: /ModuloFornecedor/Modulos/cadastraproduto.php
Query executada: UPDATE Produtos SET prodNome = ?, prodValor = ?, prodQtde = ? WHERE Produtos.prodId = ?  | Método: executaPs

===================================================================================
Hora: 13:26:25 | Script: /ModuloFornecedor/Modulos/cadastraproduto.php
Query executada: UPDATE Produtos SET prodNome = ?, prodValor = ?, prodQtde = ? WHERE Produtos.prodId = ?  | Método: executaPs

===================================================================================
Hora: 13:26:49 | Script: /ModuloFornecedor/Modulos/cadastraproduto.php
Query executada: UPDATE Produtos SET prodNome = ?, prodValor = ?, prodQtde = ? WHERE Produtos.prodId = ?  | Método: executaPs

===================================================================================
Hora: 13:28:44 | Script: /ModuloFornecedor/Modulos/cadastraproduto.php
Query executada: UPDATE Produtos SET prodNome = ?, prodValor = ?, prodQtde = ? WHERE Produtos.prodId = ?  | Método: executaPs

===================================================================================
Hora: 13:29:15 | Script: /ModuloFornecedor/Modulos/cadastraproduto.php
Query executada: UPDATE Produtos SET prodNome = ?, prodValor = ?, prodQtde = ? WHERE Produtos.prodId = ?  | Método: executaPs

===================================================================================
Hora: 13:36:23 | Script: /ModuloFornecedor/Modulos/cadastraproduto.php
Query executada: UPDATE Produtos SET prodNome = ?, prodValor = ?, prodQtde = ? WHERE Produtos.prodId = ?  | Método: executaPs

===================================================================================
Hora: 13:36:45 | Script: /ModuloFornecedor/Modulos/cadastraproduto.php
Query executada: insert into Produtos (prodId, prodNome,prodValor, prodQtde) values (?,?,?,?) | Método: executaPs

===================================================================================
Hora: 13:39:14 | Script: /ModuloFornecedor/Modulos/cadastraproduto.php
Query executada: insert into Produtos (prodId, prodNome,prodValor, prodQtde) values (?,?,?,?) | Método: executaPs

===================================================================================
Hora: 13:39:14 | Script: /ModuloFornecedor/Modulos/cadastraproduto.php
Query executada: insert into FornecedoresDeProdutos values (?, ?) | Método: executaPs

===================================================================================
Hora: 13:57:08 | Script: /ModuloFornecedor/Modulos/cadastraproduto.php
Query executada: insert into Produtos (prodId, prodNome,prodValor, prodQtde) values (?,?,?,?) | Método: executaPs

===================================================================================
Hora: 13:58:45 | Script: /ModuloFornecedor/Modulos/cadastraproduto.php
Query executada: insert into Produtos (prodId, prodNome,prodValor, prodQtde) values (?,?,?,?) | Método: executaPs

===================================================================================
Hora: 14:00:49 | Script: /ModuloFornecedor/Modulos/cadastraproduto.php
Query executada: insert into Produtos (prodId, prodNome,prodValor, prodQtde) values (?,?,?,?) | Método: executaPs

===================================================================================
Hora: 14:01:44 | Script: /ModuloFornecedor/Modulos/cadastraproduto.php
Query executada: insert into Produtos (prodId, prodNome,prodValor, prodQtde) values (?,?,?,?) | Método: executaPs

===================================================================================
Hora: 14:03:16 | Script: /ModuloFornecedor/Modulos/cadastraproduto.php
Query executada: UPDATE Produtos SET prodNome = ?, prodValor = ?, prodQtde = ? WHERE Produtos.prodId = ?  | Método: executaPs

===================================================================================
Hora: 14:04:23 | Script: /ModuloFornecedor/Modulos/cadastraproduto.php
Query executada: UPDATE Produtos SET prodNome = ?, prodValor = ?, prodQtde = ? WHERE Produtos.prodId = ?  | Método: executaPs

===================================================================================
Hora: 14:04:46 | Script: /ModuloFornecedor/Modulos/cadastraproduto.php
Query executada: insert into Produtos (prodId, prodNome,prodValor, prodQtde) values (?,?,?,?) | Método: executaPs

===================================================================================
Hora: 14:04:46 | Script: /ModuloFornecedor/Modulos/cadastraproduto.php
Query executada: insert into FornecedoresDeProdutos values (?, ?) | Método: executaPs

===================================================================================
Hora: 15:35:05 | Script: /ModuloFornecedor/Modulos/cadastraproduto.php
Query executada: insert into Produtos (prodId, prodNome,prodValor, prodQtde) values (?,?,?,?) | Método: executaPs

===================================================================================
Hora: 15:35:49 | Script: /ModuloFornecedor/Modulos/cadastraproduto.php
Query executada: insert into Produtos (prodId, prodNome,prodValor, prodQtde) values (?,?,?,?) | Método: executaPs

===================================================================================
Hora: 15:36:58 | Script: /ModuloFornecedor/Modulos/cadastraproduto.php
Query executada: insert into Produtos (prodId, prodNome,prodValor, prodQtde) values (?,?,?,?) | Método: executaPs

===================================================================================
Hora: 15:41:22 | Script: /ModuloFornecedor/Modulos/cadastraproduto.php
Query executada: insert into Produtos (prodId, prodNome,prodValor, prodQtde) values (?,?,?,?) | Método: executaPs

===================================================================================
Hora: 15:45:14 | Script: /ModuloFornecedor/Modulos/cadastraproduto.php
Query executada: UPDATE Produtos SET prodNome = ?, prodValor = ?, prodQtde = ? WHERE Produtos.prodId = ?  | Método: executaPs

===================================================================================
Hora: 15:45:29 | Script: /ModuloFornecedor/Modulos/cadastraproduto.php
Query executada: UPDATE Produtos SET prodNome = ?, prodValor = ?, prodQtde = ? WHERE Produtos.prodId = ?  | Método: executaPs

===================================================================================
Hora: 15:46:13 | Script: /ModuloFornecedor/Modulos/cadastraproduto.php
Query executada: UPDATE Produtos SET prodNome = ?, prodValor = ?, prodQtde = ? WHERE Produtos.prodId = ?  | Método: executaPs

