===================================================================================
Hora: 07:39:11 | Script: /ModuloFornecedor/Modulos/cadastraprecompras.php
Query executada: insert into CestasDeCompras (cestId, cestClieId) values (?,?) | Método: executaPs

===================================================================================
Hora: 07:39:11 | Script: /ModuloFornecedor/Modulos/cadastraprecompras.php
Query executada: insert into PreCompras (precProdId, precCestId) values (?,?) | Método: executaPs

===================================================================================
Hora: 07:39:21 | Script: /ModuloFornecedor/Modulos/cadastraprecompras.php
Query executada: insert into PreCompras (precProdId, precCestId) values (?,?) | Método: executaPs

===================================================================================
Hora: 07:39:24 | Script: /ModuloFornecedor/Modulos/realizacompras.php
Query executada: insert into Compras (compId, compClieId) values (?,?) | Método: executaPs

===================================================================================
Hora: 07:39:24 | Script: /ModuloFornecedor/Modulos/realizacompras.php
Query executada: insert into ItensDaCompra (itenCompId, itenProdId) values (?,?) | Método: executaPs

===================================================================================
Hora: 07:39:24 | Script: /ModuloFornecedor/Modulos/realizacompras.php
Query executada: insert into ItensDaCompra (itenCompId, itenProdId) values (?,?) | Método: executaPs

===================================================================================
Hora: 08:05:33 | Script: /ModuloFornecedor/Modulos/cadastraprecompras.php
Query executada: insert into CestasDeCompras (cestId, cestClieId) values (?,?) | Método: executaPs

===================================================================================
Hora: 08:05:33 | Script: /ModuloFornecedor/Modulos/cadastraprecompras.php
Query executada: insert into PreCompras (precProdId, precCestId) values (?,?) | Método: executaPs

===================================================================================
Hora: 08:05:39 | Script: /ModuloFornecedor/Modulos/cadastraprecompras.php
Query executada: insert into PreCompras (precProdId, precCestId) values (?,?) | Método: executaPs

===================================================================================
Hora: 08:06:00 | Script: /ModuloFornecedor/Modulos/cadastraprecompras.php
Query executada: insert into PreCompras (precProdId, precCestId) values (?,?) | Método: executaPs

===================================================================================
Hora: 08:06:06 | Script: /ModuloFornecedor/Modulos/cadastraprecompras.php
Query executada: insert into PreCompras (precProdId, precCestId) values (?,?) | Método: executaPs

===================================================================================
Hora: 08:06:13 | Script: /ModuloFornecedor/Modulos/cadastraprecompras.php
Query executada: insert into PreCompras (precProdId, precCestId) values (?,?) | Método: executaPs

===================================================================================
Hora: 08:06:22 | Script: /ModuloFornecedor/Modulos/cadastraprecompras.php
Query executada: insert into PreCompras (precProdId, precCestId) values (?,?) | Método: executaPs

===================================================================================
Hora: 08:06:27 | Script: /ModuloFornecedor/Modulos/cadastraprecompras.php
Query executada: DELETE FROM PreCompras WHERE PreCompras.precProdId = ? and PreCompras.precCestId = ? | Método: executaPs

===================================================================================
Hora: 08:06:34 | Script: /ModuloFornecedor/Modulos/cadastraprecompras.php
Query executada: insert into PreCompras (precProdId, precCestId) values (?,?) | Método: executaPs

===================================================================================
Hora: 08:14:04 | Script: /ModuloFornecedor/Modulos/cadastraprecompras.php
Query executada: insert into CestasDeCompras (cestId, cestClieId) values (?,?) | Método: executaPs

===================================================================================
Hora: 08:14:04 | Script: /ModuloFornecedor/Modulos/cadastraprecompras.php
Query executada: insert into PreCompras (precProdId, precCestId) values (?,?) | Método: executaPs

===================================================================================
Hora: 08:14:10 | Script: /ModuloFornecedor/Modulos/cadastraprecompras.php
Query executada: insert into PreCompras (precProdId, precCestId) values (?,?) | Método: executaPs

===================================================================================
Hora: 08:14:12 | Script: /ModuloFornecedor/Modulos/cadastraprecompras.php
Query executada: DELETE FROM PreCompras WHERE PreCompras.precProdId = ? and PreCompras.precCestId = ? | Método: executaPs

===================================================================================
Hora: 08:14:18 | Script: /ModuloFornecedor/Modulos/realizacompras.php
Query executada: insert into Compras (compId, compClieId) values (?,?) | Método: executaPs

===================================================================================
Hora: 08:14:18 | Script: /ModuloFornecedor/Modulos/realizacompras.php
Query executada: insert into ItensDaCompra (itenCompId, itenProdId) values (?,?) | Método: executaPs

===================================================================================
Hora: 08:15:24 | Script: /ModuloFornecedor/Modulos/cadastraprecompras.php
Query executada: insert into CestasDeCompras (cestId, cestClieId) values (?,?) | Método: executaPs

===================================================================================
Hora: 08:15:24 | Script: /ModuloFornecedor/Modulos/cadastraprecompras.php
Query executada: insert into PreCompras (precProdId, precCestId) values (?,?) | Método: executaPs

===================================================================================
Hora: 08:15:44 | Script: /ModuloFornecedor/Modulos/cadastraprecompras.php
Query executada: insert into PreCompras (precProdId, precCestId) values (?,?) | Método: executaPs

===================================================================================
Hora: 08:16:06 | Script: /ModuloFornecedor/Modulos/cadastraprecompras.php
Query executada: DELETE FROM PreCompras WHERE PreCompras.precProdId = ? and PreCompras.precCestId = ? | Método: executaPs

===================================================================================
Hora: 08:28:47 | Script: /ModuloFornecedor/Modulos/cadastraprecompras.php
Query executada: insert into PreCompras (precProdId, precCestId) values (?,?) | Método: executaPs

===================================================================================
Hora: 08:28:52 | Script: /ModuloFornecedor/Modulos/cadastraprecompras.php
Query executada: insert into PreCompras (precProdId, precCestId) values (?,?) | Método: executaPs

===================================================================================
Hora: 08:29:20 | Script: /ModuloFornecedor/Modulos/cadastraprecompras.php
Query executada: insert into PreCompras (precProdId, precCestId) values (?,?) | Método: executaPs

===================================================================================
Hora: 08:31:52 | Script: /ModuloFornecedor/Modulos/cadastraprecompras.php
Query executada: DELETE FROM PreCompras WHERE PreCompras.precProdId = ? and PreCompras.precCestId = ? | Método: executaPs

===================================================================================
Hora: 08:32:04 | Script: /ModuloFornecedor/Modulos/cadastraprecompras.php
Query executada: insert into PreCompras (precProdId, precCestId) values (?,?) | Método: executaPs

===================================================================================
Hora: 08:32:13 | Script: /ModuloFornecedor/Modulos/cadastraprecompras.php
Query executada: DELETE FROM PreCompras WHERE PreCompras.precProdId = ? and PreCompras.precCestId = ? | Método: executaPs

===================================================================================
Hora: 08:37:21 | Script: /ModuloFornecedor/Modulos/cadastraprecompras.php
Query executada: DELETE FROM PreCompras WHERE PreCompras.precProdId = ? and PreCompras.precCestId = ? | Método: executaPs

===================================================================================
Hora: 08:37:44 | Script: /ModuloFornecedor/Modulos/cadastraprecompras.php
Query executada: insert into PreCompras (precProdId, precCestId) values (?,?) | Método: executaPs

===================================================================================
Hora: 08:40:30 | Script: /ModuloFornecedor/Modulos/cadastraprecompras.php
Query executada: insert into PreCompras (precProdId, precCestId) values (?,?) | Método: executaPs

===================================================================================
Hora: 08:44:18 | Script: /ModuloFornecedor/Modulos/cadastraprecompras.php
Query executada: insert into PreCompras (precProdId, precCestId) values (?,?) | Método: executaPs

===================================================================================
Hora: 08:50:56 | Script: /ModuloFornecedor/Modulos/cadastraprecompras.php
Query executada: DELETE FROM PreCompras WHERE PreCompras.precProdId = ? and PreCompras.precCestId = ? | Método: executaPs

===================================================================================
Hora: 08:50:58 | Script: /ModuloFornecedor/Modulos/cadastraprecompras.php
Query executada: DELETE FROM PreCompras WHERE PreCompras.precProdId = ? and PreCompras.precCestId = ? | Método: executaPs

