===================================================================================
Hora: 07:52:47 | Script: /ModuloFornecedor/Modulos/cadastracliente.php
Query executada: UPDATE Clientes SET clieNome = ?, clieCpf = ?, clieRg = ?, clieUfRg = ?, clieRgDtExpedicao = ?, clieFone = ?, clieEmail = ? WHERE Clientes.clieId = ?  | Método: executaPs

===================================================================================
Hora: 07:53:20 | Script: /ModuloFornecedor/Modulos/cadastracliente.php
Query executada: insert into Clientes (clieId, clieNome, clieCpf, clieRg, clieUfRg, clieRgDtExpedicao, clieFone, clieEmail) values (?, ?, ?, ?, ?, ?, ?, ?)  | Método: executaPs

===================================================================================
Hora: 07:53:36 | Script: /ModuloFornecedor/Modulos/cadastracliente.php
Query executada: UPDATE Clientes SET clieNome = ?, clieCpf = ?, clieRg = ?, clieUfRg = ?, clieRgDtExpedicao = ?, clieFone = ?, clieEmail = ? WHERE Clientes.clieId = ?  | Método: executaPs

===================================================================================
Hora: 07:54:09 | Script: /ModuloFornecedor/Modulos/cadastrafornecedor.php
Query executada: UPDATE Fornecedores SET fornNome = ?, fornFone1 = ?, fornFone2 = ?, fornEnd = ?, fornCep=?, fornCidade = ?, fornUf = ? WHERE Fornecedores.fornCnpj = ?  | Método: executaPs

===================================================================================
Hora: 07:54:44 | Script: /ModuloFornecedor/Modulos/cadastraproduto.php
Query executada: UPDATE Produtos SET prodNome = ?, prodValor = ?, prodQtde = ? WHERE Produtos.prodId = ?  | Método: executaPs

===================================================================================
Hora: 07:54:53 | Script: /ModuloFornecedor/Modulos/cadastraproduto.php
Query executada: UPDATE Produtos SET prodNome = ?, prodValor = ?, prodQtde = ? WHERE Produtos.prodId = ?  | Método: executaPs

===================================================================================
Hora: 08:01:41 | Script: /ModuloFornecedor/Modulos/cadastraproduto.php
Query executada: UPDATE Produtos SET prodNome = ?, prodValor = ?, prodQtde = ? WHERE Produtos.prodId = ?  | Método: executaPs

===================================================================================
Hora: 08:01:54 | Script: /ModuloFornecedor/Modulos/cadastraproduto.php
Query executada: DELETE FROM Produtos WHERE Produtos.prodId = ?  | Método: executaPs

===================================================================================
Hora: 08:02:06 | Script: /ModuloFornecedor/Modulos/cadastraproduto.php
Query executada: DELETE FROM Produtos WHERE Produtos.prodId = ?  | Método: executaPs

===================================================================================
Hora: 08:02:47 | Script: /ModuloFornecedor/Modulos/cadastrafornecedor.php
Query executada: UPDATE Fornecedores SET fornNome = ?, fornFone1 = ?, fornFone2 = ?, fornEnd = ?, fornCep=?, fornCidade = ?, fornUf = ? WHERE Fornecedores.fornCnpj = ?  | Método: executaPs

===================================================================================
Hora: 08:03:29 | Script: /ModuloFornecedor/Modulos/cadastracliente.php
Query executada: UPDATE Clientes SET clieNome = ?, clieCpf = ?, clieRg = ?, clieUfRg = ?, clieRgDtExpedicao = ?, clieFone = ?, clieEmail = ? WHERE Clientes.clieId = ?  | Método: executaPs

===================================================================================
Hora: 08:03:40 | Script: /ModuloFornecedor/Modulos/cadastracliente.php
Query executada: DELETE FROM Clientes WHERE Clientes.clieId = ?  | Método: executaPs

