===================================================================================
Hora: 15:07:47 | Script: /ModuloFornecedor/Modulos/cadastracliente.php
Query executada: UPDATE Clientes SET clieNome = ?, clieCpf = ?, clieRg = ?, clieUfRg = ?, clieRgDtExpedicao = ?, clieFone = ?, clieEmail = ? WHERE Clientes.clieId = ?  | Método: executaPs

===================================================================================
Hora: 15:08:00 | Script: /ModuloFornecedor/Modulos/cadastracliente.php
Query executada: UPDATE Clientes SET clieNome = ?, clieCpf = ?, clieRg = ?, clieUfRg = ?, clieRgDtExpedicao = ?, clieFone = ?, clieEmail = ? WHERE Clientes.clieId = ?  | Método: executaPs

===================================================================================
Hora: 15:09:50 | Script: /ModuloFornecedor/Modulos/cadastrafornecedor.php
Query executada: UPDATE Fornecedores SET fornNome = ?, fornFone1 = ?, fornFone2 = ?, fornEnd = ?, fornCep=?, fornCidade = ?, fornUf = ? WHERE Fornecedores.fornCnpj = ?  | Método: executaPs

===================================================================================
Hora: 17:21:01 | Script: /ModuloFornecedor/Modulos/cadastrafornecedor.php
Query executada: UPDATE Fornecedores SET fornNome = ?, fornFone1 = ?, fornFone2 = ?, fornEnd = ?, fornCep=?, fornCidade = ?, fornUf = ? WHERE Fornecedores.fornCnpj = ?  | Método: executaPs

===================================================================================
Hora: 17:21:09 | Script: /ModuloFornecedor/Modulos/cadastrafornecedor.php
Query executada: insert into Fornecedores (fornCnpj, fornNome, fornFone1, fornFone2, fornEnd, fornCep, fornCidade, fornUf) values (?,?,?,?,?,?,?,?) | Método: executaPs

===================================================================================
Hora: 17:21:52 | Script: /ModuloFornecedor/Modulos/cadastraproduto.php
Query executada: insert into Produtos (prodId, prodNome,prodValor, prodQtde) values (?,?,?,?) | Método: executaPs

===================================================================================
Hora: 17:21:52 | Script: /ModuloFornecedor/Modulos/cadastraproduto.php
Query executada: insert into FornecedoresDeProdutos (fproFornCnpj, fproProdId) values (?,?) | Método: executaPs

